\BOOKMARK [0][-]{section*.1}{\376\377\000R\000e\000s\000u\000m\000e\000n}{}% 1
\BOOKMARK [0][-]{chapter.7}{\376\377\000I\000n\000t\000r\000o\000d\000u\000c\000c\000i\000\363\000n\000\040\000G\000e\000n\000e\000r\000a\000l}{}% 2
\BOOKMARK [1][-]{section.8}{\376\377\000S\000i\000s\000t\000e\000m\000a\000s\000\040\000d\000e\000\040\000c\000o\000n\000t\000r\000o\000l\000\040\000d\000e\000\040\000a\000c\000c\000c\000e\000s\000o\000\040\000b\000i\000o\000m\000\351\000t\000r\000i\000c\000o}{chapter.7}% 3
\BOOKMARK [1][-]{section.10}{\376\377\000M\000o\000t\000i\000v\000a\000c\000i\000\363\000n}{chapter.7}% 4
\BOOKMARK [1][-]{section.11}{\376\377\000O\000b\000j\000e\000t\000i\000v\000o\000s\000\040\000y\000\040\000a\000l\000c\000a\000n\000c\000e}{chapter.7}% 5
\BOOKMARK [0][-]{chapter.14}{\376\377\000I\000n\000t\000r\000o\000d\000u\000c\000c\000i\000\363\000n\000\040\000E\000s\000p\000e\000c\000\355\000f\000i\000c\000a}{}% 6
\BOOKMARK [1][-]{section.15}{\376\377\000P\000l\000a\000n\000t\000e\000a\000m\000i\000e\000n\000t\000o}{chapter.14}% 7
\BOOKMARK [2][-]{subsection.16}{\376\377\000D\000e\000s\000c\000r\000i\000p\000c\000i\000\363\000n\000\040\000f\000u\000n\000c\000i\000o\000n\000a\000l}{section.15}% 8
\BOOKMARK [1][-]{section.18}{\376\377\000R\000e\000q\000u\000e\000r\000i\000m\000i\000e\000n\000t\000o\000s}{chapter.14}% 9
\BOOKMARK [1][-]{section.19}{\376\377\000P\000l\000a\000n\000i\000f\000i\000c\000a\000c\000i\000\363\000n}{chapter.14}% 10
\BOOKMARK [0][-]{chapter.21}{\376\377\000D\000i\000s\000e\000\361\000o\000\040\000e\000\040\000I\000m\000p\000l\000e\000m\000e\000n\000t\000a\000c\000i\000\363\000n}{}% 11
\BOOKMARK [1][-]{section.22}{\376\377\000P\000l\000a\000t\000a\000f\000o\000r\000m\000a\000\040\000d\000e\000\040\000d\000e\000s\000a\000r\000r\000o\000l\000l\000o}{chapter.21}% 12
\BOOKMARK [2][-]{subsection.24}{\376\377\000L\000i\000n\000u\000x\000\040\000e\000m\000b\000e\000b\000i\000d\000o}{section.22}% 13
\BOOKMARK [2][-]{subsection.26}{\376\377\000P\000a\000n\000t\000a\000l\000l\000a\000\040\000t\000\341\000c\000t\000i\000l\000\040\000e\000l\000e\000m\000e\000n\000t\000\040\0001\0004}{section.22}% 14
\BOOKMARK [1][-]{section.28}{\376\377\000D\000e\000s\000a\000r\000r\000o\000l\000l\000o\000\040\000d\000e\000\040\000i\000n\000t\000e\000r\000f\000a\000z\000\040\000g\000r\000\341\000f\000i\000c\000a}{chapter.21}% 15
\BOOKMARK [2][-]{subsection.29}{\376\377\000G\000T\000K\000+}{section.28}% 16
\BOOKMARK [2][-]{subsection.30}{\376\377\000G\000l\000a\000d\000e}{section.28}% 17
\BOOKMARK [1][-]{section.32}{\376\377\000M\000\363\000d\000u\000l\000o\000\040\000s\000e\000n\000s\000o\000r\000\040\000p\000a\000r\000a\000\040\000a\000d\000q\000u\000i\000s\000i\000c\000i\000\363\000n\000\040\000d\000e\000\040\000h\000u\000e\000l\000l\000a\000s}{chapter.21}% 18
\BOOKMARK [2][-]{subsection.33}{\376\377\000L\000e\000c\000t\000o\000r\000e\000s\000\040\000\363\000p\000t\000i\000c\000o\000s\000\040\000r\000e\000f\000l\000e\000x\000i\000v\000o\000s}{section.32}% 19
\BOOKMARK [2][-]{subsection.35}{\376\377\000M\000\363\000d\000u\000l\000o\000\040\000l\000e\000c\000t\000o\000r\000\040\000d\000e\000\040\000h\000u\000e\000l\000l\000a\000\040\000A\000d\000a\000f\000r\000u\000i\000t\000\040\000Z\000F\000M\000-\0002\0000}{section.32}% 20
\BOOKMARK [1][-]{section.39}{\376\377\000S\000i\000s\000t\000e\000m\000a\000\040\000G\000e\000n\000e\000r\000a\000l}{chapter.21}% 21
\BOOKMARK [1][-]{section.40}{\376\377\000S\000u\000b\000s\000i\000s\000t\000e\000m\000a\000\040\000G\000U\000I\000\040\000\050\000l\000o\000g\000i\000c\000\040\000S\000e\000r\000v\000i\000c\000e\000\051}{chapter.21}% 22
\BOOKMARK [1][-]{section.41}{\376\377\000S\000u\000b\000s\000i\000s\000t\000e\000m\000a\000\040\000p\000a\000r\000a\000\040\000c\000o\000n\000t\000r\000o\000l\000\040\000d\000e\000l\000\040\000s\000e\000n\000s\000o\000r\000\040\000d\000e\000\040\000h\000u\000e\000l\000l\000a}{chapter.21}% 23
\BOOKMARK [1][-]{section.42}{\376\377\000S\000u\000b\000s\000i\000s\000t\000e\000m\000a\000\040\000d\000a\000t\000a\000-\000w\000e\000b}{chapter.21}% 24
\BOOKMARK [0][-]{chapter.43}{\376\377\000E\000n\000s\000a\000y\000o\000s\000\040\000y\000\040\000R\000e\000s\000u\000l\000t\000a\000d\000o\000s}{}% 25
\BOOKMARK [1][-]{section.44}{\376\377\000P\000r\000u\000e\000b\000a\000s\000\040\000f\000u\000n\000c\000i\000o\000n\000a\000l\000e\000s\000\040\000d\000e\000l\000\040\000h\000a\000r\000d\000w\000a\000r\000e}{chapter.43}% 26
\BOOKMARK [0][-]{chapter.45}{\376\377\000C\000o\000n\000c\000l\000u\000s\000i\000o\000n\000e\000s}{}% 27
\BOOKMARK [1][-]{section.46}{\376\377\000C\000o\000n\000c\000l\000u\000s\000i\000o\000n\000e\000s\000\040\000g\000e\000n\000e\000r\000a\000l\000e\000s\000\040}{chapter.45}% 28
\BOOKMARK [1][-]{section.47}{\376\377\000P\000r\000\363\000x\000i\000m\000o\000s\000\040\000p\000a\000s\000o\000s}{chapter.45}% 29
